{"C:\\Users\\Раиса\\Desktop\\cart-game\\cart-game\\src\\components\\global.ts": {"path":"C:\\Users\\Раиса\\Desktop\\cart-game\\cart-game\\src\\components\\global.ts","statementMap":{"0":{"start":{"line":13,"column":25},"end":{"line":23,"column":1}}},"fnMap":{},"branchMap":{},"s":{"0":1},"f":{},"b":{},"_coverageSchema":"1a1c01bbd47fc00a2c39e90264f33305004495a9","hash":"aa7237c9b1b7925de60b54fa34e9c2a8ee61e88d"}
,"C:\\Users\\Раиса\\Desktop\\cart-game\\cart-game\\src\\components\\help-component.ts": {"path":"C:\\Users\\Раиса\\Desktop\\cart-game\\cart-game\\src\\components\\help-component.ts","statementMap":{"0":{"start":{"line":4,"column":25},"end":{"line":4,"column":36}},"1":{"start":{"line":5,"column":4},"end":{"line":18,"column":5}},"2":{"start":{"line":5,"column":17},"end":{"line":5,"column":18}},"3":{"start":{"line":6,"column":8},"end":{"line":8,"column":9}},"4":{"start":{"line":7,"column":12},"end":{"line":7,"column":72}},"5":{"start":{"line":9,"column":8},"end":{"line":11,"column":9}},"6":{"start":{"line":10,"column":12},"end":{"line":10,"column":77}},"7":{"start":{"line":12,"column":27},"end":{"line":12,"column":77}},"8":{"start":{"line":13,"column":27},"end":{"line":13,"column":77}},"9":{"start":{"line":14,"column":8},"end":{"line":15,"column":70}},"10":{"start":{"line":16,"column":8},"end":{"line":16,"column":46}},"11":{"start":{"line":17,"column":8},"end":{"line":17,"column":46}},"12":{"start":{"line":19,"column":4},"end":{"line":19,"column":65}},"13":{"start":{"line":20,"column":4},"end":{"line":20,"column":11}},"14":{"start":{"line":24,"column":4},"end":{"line":24,"column":28}},"15":{"start":{"line":25,"column":30},"end":{"line":25,"column":41}},"16":{"start":{"line":26,"column":4},"end":{"line":34,"column":5}},"17":{"start":{"line":26,"column":17},"end":{"line":26,"column":18}},"18":{"start":{"line":27,"column":24},"end":{"line":29,"column":9}},"19":{"start":{"line":30,"column":8},"end":{"line":32,"column":10}},"20":{"start":{"line":33,"column":8},"end":{"line":33,"column":51}},"21":{"start":{"line":35,"column":4},"end":{"line":35,"column":40}},"22":{"start":{"line":39,"column":25},"end":{"line":39,"column":57}},"23":{"start":{"line":40,"column":14},"end":{"line":40,"column":15}},"24":{"start":{"line":41,"column":14},"end":{"line":41,"column":15}},"25":{"start":{"line":45,"column":8},"end":{"line":45,"column":14}},"26":{"start":{"line":46,"column":8},"end":{"line":52,"column":9}},"27":{"start":{"line":47,"column":12},"end":{"line":47,"column":20}},"28":{"start":{"line":48,"column":12},"end":{"line":48,"column":18}},"29":{"start":{"line":49,"column":12},"end":{"line":51,"column":13}},"30":{"start":{"line":50,"column":16},"end":{"line":50,"column":24}},"31":{"start":{"line":53,"column":8},"end":{"line":53,"column":15}},"32":{"start":{"line":57,"column":8},"end":{"line":60,"column":9}},"33":{"start":{"line":58,"column":12},"end":{"line":58,"column":28}},"34":{"start":{"line":59,"column":12},"end":{"line":59,"column":19}},"35":{"start":{"line":61,"column":8},"end":{"line":61,"column":15}},"36":{"start":{"line":62,"column":8},"end":{"line":63,"column":76}},"37":{"start":{"line":64,"column":8},"end":{"line":64,"column":51}},"38":{"start":{"line":65,"column":8},"end":{"line":65,"column":16}},"39":{"start":{"line":66,"column":8},"end":{"line":66,"column":15}},"40":{"start":{"line":70,"column":8},"end":{"line":70,"column":34}},"41":{"start":{"line":71,"column":8},"end":{"line":71,"column":15}},"42":{"start":{"line":74,"column":4},"end":{"line":74,"column":12}}},"fnMap":{"0":{"name":"randomSuitAndRank","decl":{"start":{"line":3,"column":9},"end":{"line":3,"column":26}},"loc":{"start":{"line":3,"column":41},"end":{"line":21,"column":1}},"line":3},"1":{"name":"randomButtonElements","decl":{"start":{"line":23,"column":9},"end":{"line":23,"column":29}},"loc":{"start":{"line":23,"column":44},"end":{"line":36,"column":1}},"line":23},"2":{"name":"startTime","decl":{"start":{"line":38,"column":9},"end":{"line":38,"column":18}},"loc":{"start":{"line":38,"column":21},"end":{"line":75,"column":1}},"line":38},"3":{"name":"tick","decl":{"start":{"line":44,"column":13},"end":{"line":44,"column":17}},"loc":{"start":{"line":44,"column":20},"end":{"line":54,"column":5}},"line":44},"4":{"name":"add","decl":{"start":{"line":56,"column":13},"end":{"line":56,"column":16}},"loc":{"start":{"line":56,"column":19},"end":{"line":67,"column":5}},"line":56},"5":{"name":"timer","decl":{"start":{"line":69,"column":13},"end":{"line":69,"column":18}},"loc":{"start":{"line":69,"column":21},"end":{"line":72,"column":5}},"line":69}},"branchMap":{"0":{"loc":{"start":{"line":6,"column":8},"end":{"line":8,"column":9}},"type":"if","locations":[{"start":{"line":6,"column":8},"end":{"line":8,"column":9}},{"start":{},"end":{}}],"line":6},"1":{"loc":{"start":{"line":9,"column":8},"end":{"line":11,"column":9}},"type":"if","locations":[{"start":{"line":9,"column":8},"end":{"line":11,"column":9}},{"start":{},"end":{}}],"line":9},"2":{"loc":{"start":{"line":46,"column":8},"end":{"line":52,"column":9}},"type":"if","locations":[{"start":{"line":46,"column":8},"end":{"line":52,"column":9}},{"start":{},"end":{}}],"line":46},"3":{"loc":{"start":{"line":49,"column":12},"end":{"line":51,"column":13}},"type":"if","locations":[{"start":{"line":49,"column":12},"end":{"line":51,"column":13}},{"start":{},"end":{}}],"line":49},"4":{"loc":{"start":{"line":57,"column":8},"end":{"line":60,"column":9}},"type":"if","locations":[{"start":{"line":57,"column":8},"end":{"line":60,"column":9}},{"start":{},"end":{}}],"line":57},"5":{"loc":{"start":{"line":63,"column":13},"end":{"line":63,"column":38}},"type":"cond-expr","locations":[{"start":{"line":63,"column":23},"end":{"line":63,"column":26}},{"start":{"line":63,"column":29},"end":{"line":63,"column":38}}],"line":63},"6":{"loc":{"start":{"line":63,"column":49},"end":{"line":63,"column":74}},"type":"cond-expr","locations":[{"start":{"line":63,"column":59},"end":{"line":63,"column":62}},{"start":{"line":63,"column":65},"end":{"line":63,"column":74}}],"line":63}},"s":{"0":0,"1":0,"2":0,"3":0,"4":0,"5":0,"6":0,"7":0,"8":0,"9":0,"10":0,"11":0,"12":0,"13":0,"14":1,"15":1,"16":1,"17":1,"18":6,"19":6,"20":6,"21":1,"22":0,"23":0,"24":0,"25":0,"26":0,"27":0,"28":0,"29":0,"30":0,"31":0,"32":0,"33":0,"34":0,"35":0,"36":0,"37":0,"38":0,"39":0,"40":0,"41":0,"42":0},"f":{"0":0,"1":1,"2":0,"3":0,"4":0,"5":0},"b":{"0":[0,0],"1":[0,0],"2":[0,0],"3":[0,0],"4":[0,0],"5":[0,0],"6":[0,0]},"_coverageSchema":"1a1c01bbd47fc00a2c39e90264f33305004495a9","hash":"165b12a51250199c7e1849de57393a189cc73b75"}
}
