TN:
SF:src\components\global.ts
FNF:0
FNH:0
DA:13,1
LF:1
LH:1
BRF:0
BRH:0
end_of_record
TN:
SF:src\components\help-component.ts
FN:3,randomSuitAndRank
FN:23,randomButtonElements
FN:38,startTime
FN:44,tick
FN:56,add
FN:69,timer
FNF:6
FNH:1
FNDA:0,randomSuitAndRank
FNDA:1,randomButtonElements
FNDA:0,startTime
FNDA:0,tick
FNDA:0,add
FNDA:0,timer
DA:4,0
DA:5,0
DA:6,0
DA:7,0
DA:9,0
DA:10,0
DA:12,0
DA:13,0
DA:14,0
DA:16,0
DA:17,0
DA:19,0
DA:20,0
DA:24,1
DA:25,1
DA:26,1
DA:27,6
DA:30,6
DA:33,6
DA:35,1
DA:39,0
DA:40,0
DA:41,0
DA:45,0
DA:46,0
DA:47,0
DA:48,0
DA:49,0
DA:50,0
DA:53,0
DA:57,0
DA:58,0
DA:59,0
DA:61,0
DA:62,0
DA:64,0
DA:65,0
DA:66,0
DA:70,0
DA:71,0
DA:74,0
LF:41
LH:7
BRDA:6,0,0,0
BRDA:6,0,1,0
BRDA:9,1,0,0
BRDA:9,1,1,0
BRDA:46,2,0,0
BRDA:46,2,1,0
BRDA:49,3,0,0
BRDA:49,3,1,0
BRDA:57,4,0,0
BRDA:57,4,1,0
BRDA:63,5,0,0
BRDA:63,5,1,0
BRDA:63,6,0,0
BRDA:63,6,1,0
BRF:14
BRH:0
end_of_record
